{"level":"debug","ts":"2022-12-15T05:12:58.374-03:00","msg":"getting todos"}
{"level":"info","ts":"2022-12-15T05:12:58.374-03:00","msg":"reserved-request","remote_ip":"::1","latency":0.000278185,"host":"localhost:3001","method":"GET","uri":"/todo","status":200,"size":3,"user_agent":"PostmanRuntime/7.29.2"}
{"level":"debug","ts":"2022-12-15T05:13:02.494-03:00","msg":"getting todo"}
{"level":"warn","ts":"2022-12-15T05:13:02.495-03:00","msg":"error on db?"}
{"level":"error","ts":"2022-12-15T05:13:02.495-03:00","msg":"could not find todo!","error":"record not found"}
{"level":"warn","ts":"2022-12-15T05:13:02.495-03:00","msg":"reserved-request","error":"code=404, message=could not find todo!","remote_ip":"::1","latency":0.000211455,"host":"localhost:3001","method":"GET","uri":"/todo/1","status":404,"size":0,"user_agent":"PostmanRuntime/7.29.2"}
{"level":"debug","ts":"2022-12-15T05:13:12.382-03:00","msg":"getting todo"}
{"level":"warn","ts":"2022-12-15T05:13:12.382-03:00","msg":"error on db?"}
{"level":"error","ts":"2022-12-15T05:13:12.382-03:00","msg":"could not find todo!","error":"no such column: asd"}
{"level":"warn","ts":"2022-12-15T05:13:12.382-03:00","msg":"reserved-request","error":"code=404, message=could not find todo!","remote_ip":"::1","latency":0.000178895,"host":"localhost:3001","method":"GET","uri":"/todo/asd","status":404,"size":0,"user_agent":"PostmanRuntime/7.29.2"}
{"level":"warn","ts":"2022-12-15T05:13:20.348-03:00","msg":"reserved-request","error":"code=404, message=Not Found","remote_ip":"::1","latency":0.000000328,"host":"localhost:3001","method":"GET","uri":"/tod","status":404,"size":0,"user_agent":"PostmanRuntime/7.29.2"}
{"level":"warn","ts":"2022-12-15T05:13:27.404-03:00","msg":"reserved-request","error":"code=404, message=Not Found","remote_ip":"::1","latency":0.000000322,"host":"localhost:3001","method":"GET","uri":"/todo/","status":404,"size":0,"user_agent":"PostmanRuntime/7.29.2"}
{"level":"debug","ts":"2022-12-15T05:13:34.866-03:00","msg":"creating todo"}
{"level":"info","ts":"2022-12-15T05:13:34.866-03:00","msg":"inputted todo","description":"this is done","done":true}
{"level":"info","ts":"2022-12-15T05:13:34.866-03:00","msg":"reserved-request","remote_ip":"::1","latency":0.000316822,"host":"localhost:3001","method":"POST","uri":"/todo","status":201,"size":167,"user_agent":"PostmanRuntime/7.29.2"}
{"level":"debug","ts":"2022-12-15T05:13:39.672-03:00","msg":"creating todo"}
{"level":"info","ts":"2022-12-15T05:13:39.672-03:00","msg":"inputted todo","description":"this is done","done":false}
{"level":"info","ts":"2022-12-15T05:13:39.672-03:00","msg":"reserved-request","remote_ip":"::1","latency":0.000397466,"host":"localhost:3001","method":"POST","uri":"/todo","status":201,"size":168,"user_agent":"PostmanRuntime/7.29.2"}
{"level":"debug","ts":"2022-12-15T05:13:44.240-03:00","msg":"creating todo"}
{"level":"error","ts":"2022-12-15T05:13:44.240-03:00","msg":"error creating todo","error":"code=400, message=Syntax error: offset=38, error=invalid character '}' looking for beginning of object key string, internal=invalid character '}' looking for beginning of object key string"}
{"level":"warn","ts":"2022-12-15T05:13:44.240-03:00","msg":"reserved-request","error":"code=400, message=code=400, message=Syntax error: offset=38, error=invalid character '}' looking for beginning of object key string, internal=invalid character '}' looking for beginning of object key string","remote_ip":"::1","latency":0.00011272,"host":"localhost:3001","method":"POST","uri":"/todo","status":400,"size":0,"user_agent":"PostmanRuntime/7.29.2"}
{"level":"debug","ts":"2022-12-15T05:13:48.505-03:00","msg":"creating todo"}
{"level":"info","ts":"2022-12-15T05:13:48.505-03:00","msg":"inputted todo","description":"this is done","done":false}
{"level":"info","ts":"2022-12-15T05:13:48.505-03:00","msg":"reserved-request","remote_ip":"::1","latency":0.000258631,"host":"localhost:3001","method":"POST","uri":"/todo","status":201,"size":168,"user_agent":"PostmanRuntime/7.29.2"}
{"level":"debug","ts":"2022-12-15T05:13:56.429-03:00","msg":"creating todo"}
{"level":"error","ts":"2022-12-15T05:13:56.429-03:00","msg":"error creating todo","error":"Key: 'InputTodo.Description' Error:Field validation for 'Description' failed on the 'required' tag"}
{"level":"warn","ts":"2022-12-15T05:13:56.429-03:00","msg":"reserved-request","error":"code=400, message=Key: 'InputTodo.Description' Error:Field validation for 'Description' failed on the 'required' tag","remote_ip":"::1","latency":0.000097804,"host":"localhost:3001","method":"POST","uri":"/todo","status":400,"size":0,"user_agent":"PostmanRuntime/7.29.2"}
{"level":"debug","ts":"2022-12-15T05:14:06.514-03:00","msg":"creating todo"}
{"level":"error","ts":"2022-12-15T05:14:06.514-03:00","msg":"error creating todo","error":"Key: 'InputTodo.Description' Error:Field validation for 'Description' failed on the 'required' tag"}
{"level":"warn","ts":"2022-12-15T05:14:06.514-03:00","msg":"reserved-request","error":"code=400, message=Key: 'InputTodo.Description' Error:Field validation for 'Description' failed on the 'required' tag","remote_ip":"::1","latency":0.000088069,"host":"localhost:3001","method":"POST","uri":"/todo","status":400,"size":0,"user_agent":"PostmanRuntime/7.29.2"}
{"level":"debug","ts":"2022-12-15T05:14:15.083-03:00","msg":"creating todo"}
{"level":"info","ts":"2022-12-15T05:14:15.083-03:00","msg":"inputted todo","description":"adf","done":false}
{"level":"info","ts":"2022-12-15T05:14:15.083-03:00","msg":"reserved-request","remote_ip":"::1","latency":0.000339998,"host":"localhost:3001","method":"POST","uri":"/todo","status":201,"size":159,"user_agent":"PostmanRuntime/7.29.2"}
{"level":"warn","ts":"2022-12-15T05:14:18.544-03:00","msg":"reserved-request","error":"code=404, message=Not Found","remote_ip":"::1","latency":0.000000237,"host":"localhost:3001","method":"GET","uri":"/todo/","status":404,"size":0,"user_agent":"PostmanRuntime/7.29.2"}
{"level":"debug","ts":"2022-12-15T05:14:21.988-03:00","msg":"getting todo"}
{"level":"info","ts":"2022-12-15T05:14:21.988-03:00","msg":"reserved-request","remote_ip":"::1","latency":0.000275261,"host":"localhost:3001","method":"GET","uri":"/todo/1","status":200,"size":167,"user_agent":"PostmanRuntime/7.29.2"}
